<?xml version="1.0" encoding="UTF-8"?>
<!-- Generated by org.testng.reporters.JUnitXMLReporter -->
<testsuite hostname="DESKTOP-QRE9MKP" ignored="0" name="Default test" tests="3" failures="0" timestamp="08 Apr 2019 05:44:43 GMT" time="50.334" errors="0">
  <testcase name="Test1" time="4.551" classname="org.devops.udemy.demoproject.TestClass1"/>
  <testcase name="Test2" time="3.451" classname="org.devops.udemy.demoproject.TestClass1"/>
  <testcase name="Test3" time="3.093" classname="org.devops.udemy.demoproject.TestClass1"/>
</testsuite> <!-- Default test -->
