<?xml version="1.0" encoding="UTF-8"?>
<!-- Generated by org.testng.reporters.JUnitXMLReporter -->
<testsuite hostname="DESKTOP-QRE9MKP" ignored="0" name="Test" tests="3" failures="0" timestamp="11 Feb 2019 00:45:01 GMT" time="36.361" errors="0">
  <testcase name="Test1" time="7.289" classname="org.devops.udemy.demoproject.TestClass1"/>
  <testcase name="Test2" time="4.398" classname="org.devops.udemy.demoproject.TestClass1"/>
  <testcase name="Test3" time="4.408" classname="org.devops.udemy.demoproject.TestClass1"/>
</testsuite> <!-- Test -->
