<?xml version="1.0" encoding="UTF-8"?>
<testng-results skipped="0" failed="0" ignored="0" total="3" passed="3">
  <reporter-output>
  </reporter-output>
  <suite name="Suite" duration-ms="36361" started-at="2019-02-11T00:44:24Z" finished-at="2019-02-11T00:45:01Z">
    <groups>
    </groups>
    <test name="Test" duration-ms="36361" started-at="2019-02-11T00:44:24Z" finished-at="2019-02-11T00:45:01Z">
      <class name="org.devops.udemy.demoproject.TestClass1">
        <test-method status="PASS" signature="launchDriver()[pri:0, instance:org.devops.udemy.demoproject.TestClass1@6950e31]" name="launchDriver" is-config="true" duration-ms="5480" started-at="2019-02-11T00:44:24Z" finished-at="2019-02-11T00:44:30Z">
          <reporter-output>
          </reporter-output>
        </test-method> <!-- launchDriver -->
        <test-method status="PASS" signature="Test1()[pri:0, instance:org.devops.udemy.demoproject.TestClass1@6950e31]" name="Test1" duration-ms="7289" started-at="2019-02-11T00:44:30Z" finished-at="2019-02-11T00:44:37Z">
          <reporter-output>
          </reporter-output>
        </test-method> <!-- Test1 -->
        <test-method status="PASS" signature="quit()[pri:0, instance:org.devops.udemy.demoproject.TestClass1@6950e31]" name="quit" is-config="true" duration-ms="2043" started-at="2019-02-11T00:44:37Z" finished-at="2019-02-11T00:44:39Z">
          <reporter-output>
          </reporter-output>
        </test-method> <!-- quit -->
        <test-method status="PASS" signature="launchDriver()[pri:0, instance:org.devops.udemy.demoproject.TestClass1@6950e31]" name="launchDriver" is-config="true" duration-ms="4173" started-at="2019-02-11T00:44:39Z" finished-at="2019-02-11T00:44:43Z">
          <reporter-output>
          </reporter-output>
        </test-method> <!-- launchDriver -->
        <test-method status="PASS" signature="Test2()[pri:0, instance:org.devops.udemy.demoproject.TestClass1@6950e31]" name="Test2" duration-ms="4398" started-at="2019-02-11T00:44:43Z" finished-at="2019-02-11T00:44:48Z">
          <reporter-output>
          </reporter-output>
        </test-method> <!-- Test2 -->
        <test-method status="PASS" signature="quit()[pri:0, instance:org.devops.udemy.demoproject.TestClass1@6950e31]" name="quit" is-config="true" duration-ms="1744" started-at="2019-02-11T00:44:48Z" finished-at="2019-02-11T00:44:49Z">
          <reporter-output>
          </reporter-output>
        </test-method> <!-- quit -->
        <test-method status="PASS" signature="launchDriver()[pri:0, instance:org.devops.udemy.demoproject.TestClass1@6950e31]" name="launchDriver" is-config="true" duration-ms="4931" started-at="2019-02-11T00:44:49Z" finished-at="2019-02-11T00:44:54Z">
          <reporter-output>
          </reporter-output>
        </test-method> <!-- launchDriver -->
        <test-method status="PASS" signature="Test3()[pri:0, instance:org.devops.udemy.demoproject.TestClass1@6950e31]" name="Test3" duration-ms="4408" started-at="2019-02-11T00:44:54Z" finished-at="2019-02-11T00:44:59Z">
          <reporter-output>
          </reporter-output>
        </test-method> <!-- Test3 -->
        <test-method status="PASS" signature="quit()[pri:0, instance:org.devops.udemy.demoproject.TestClass1@6950e31]" name="quit" is-config="true" duration-ms="1845" started-at="2019-02-11T00:44:59Z" finished-at="2019-02-11T00:45:01Z">
          <reporter-output>
          </reporter-output>
        </test-method> <!-- quit -->
      </class> <!-- org.devops.udemy.demoproject.TestClass1 -->
    </test> <!-- Test -->
  </suite> <!-- Suite -->
</testng-results>
